
> foodie-client@0.1.0 start
> react-scripts start

(node:88300) [DEP0176] DeprecationWarning: fs.F_OK is deprecated, use fs.constants.F_OK instead
(Use `node --trace-deprecation ...` to show where the warning was created)
(node:88300) [DEP_WEBPACK_DEV_SERVER_ON_AFTER_SETUP_MIDDLEWARE] DeprecationWarning: 'onAfterSetupMiddleware' option is deprecated. Please use the 'setupMiddlewares' option.
(node:88300) [DEP_WEBPACK_DEV_SERVER_ON_BEFORE_SETUP_MIDDLEWARE] DeprecationWarning: 'onBeforeSetupMiddleware' option is deprecated. Please use the 'setupMiddlewares' option.
Starting the development server...

Compiled successfully!

You can now view foodie-client in the browser.

  Local:            http://localhost:3000
  On Your Network:  http://192.168.31.126:3000

Note that the development build is not optimized.
To create a production build, use npm run build.

webpack compiled successfully
(node:88300) [DEP0060] DeprecationWarning: The `util._extend` API is deprecated. Please use Object.assign() instead.
Proxy error: Could not proxy request /api/recipes from localhost:3000 to http://localhost:5001.
See https://nodejs.org/api/errors.html#errors_common_system_errors for more information (ECONNRESET).

Proxy error: Could not proxy request /api/recipes from localhost:3000 to http://localhost:5001.
See https://nodejs.org/api/errors.html#errors_common_system_errors for more information (ECONNRESET).

Proxy error: Could not proxy request /api/recipes from localhost:3000 to http://localhost:5001.
See https://nodejs.org/api/errors.html#errors_common_system_errors for more information (ECONNRESET).

Proxy error: Could not proxy request /api/recipes from localhost:3000 to http://localhost:5001.
See https://nodejs.org/api/errors.html#errors_common_system_errors for more information (ECONNRESET).

Proxy error: Could not proxy request /api/recipes from localhost:3000 to http://localhost:5001.
See https://nodejs.org/api/errors.html#errors_common_system_errors for more information (ECONNRESET).

Proxy error: Could not proxy request /api/recipes from localhost:3000 to http://localhost:5001.
See https://nodejs.org/api/errors.html#errors_common_system_errors for more information (ECONNRESET).

Proxy error: Could not proxy request /api/auth/login from localhost:3000 to http://localhost:5001.
See https://nodejs.org/api/errors.html#errors_common_system_errors for more information (ECONNREFUSED).

Proxy error: Could not proxy request /api/recipes from localhost:3000 to http://localhost:5001.
See https://nodejs.org/api/errors.html#errors_common_system_errors for more information (ECONNREFUSED).

Proxy error: Could not proxy request /api/recipes from localhost:3000 to http://localhost:5001.
See https://nodejs.org/api/errors.html#errors_common_system_errors for more information (ECONNREFUSED).

Proxy error: Could not proxy request /api/recipes from localhost:3000 to http://localhost:5001.
See https://nodejs.org/api/errors.html#errors_common_system_errors for more information (ECONNREFUSED).

Proxy error: Could not proxy request /api/recipes from localhost:3000 to http://localhost:5001.
See https://nodejs.org/api/errors.html#errors_common_system_errors for more information (ECONNREFUSED).

